{"C:\\Users\\KIIT\\Desktop\\devconnect-api\\server.js": {"path":"C:\\Users\\KIIT\\Desktop\\devconnect-api\\server.js","statementMap":{"0":{"start":{"line":2,"column":16},"end":{"line":2,"column":34}},"1":{"start":{"line":3,"column":17},"end":{"line":3,"column":36}},"2":{"start":{"line":4,"column":15},"end":{"line":4,"column":32}},"3":{"start":{"line":5,"column":15},"end":{"line":5,"column":32}},"4":{"start":{"line":6,"column":13},"end":{"line":6,"column":28}},"5":{"start":{"line":7,"column":15},"end":{"line":7,"column":32}},"6":{"start":{"line":9,"column":19},"end":{"line":9,"column":54}},"7":{"start":{"line":10,"column":21},"end":{"line":10,"column":41}},"8":{"start":{"line":11,"column":18},"end":{"line":11,"column":40}},"9":{"start":{"line":12,"column":27},"end":{"line":12,"column":53}},"10":{"start":{"line":15,"column":19},"end":{"line":15,"column":49}},"11":{"start":{"line":16,"column":23},"end":{"line":16,"column":57}},"12":{"start":{"line":17,"column":22},"end":{"line":17,"column":55}},"13":{"start":{"line":20,"column":0},"end":{"line":20,"column":16}},"14":{"start":{"line":23,"column":12},"end":{"line":23,"column":21}},"15":{"start":{"line":26,"column":0},"end":{"line":26,"column":16}},"16":{"start":{"line":27,"column":0},"end":{"line":27,"column":18}},"17":{"start":{"line":28,"column":0},"end":{"line":28,"column":24}},"18":{"start":{"line":29,"column":0},"end":{"line":29,"column":23}},"19":{"start":{"line":30,"column":0},"end":{"line":30,"column":28}},"20":{"start":{"line":33,"column":0},"end":{"line":33,"column":33}},"21":{"start":{"line":34,"column":0},"end":{"line":34,"column":42}},"22":{"start":{"line":35,"column":0},"end":{"line":35,"column":40}},"23":{"start":{"line":36,"column":0},"end":{"line":36,"column":18}},"24":{"start":{"line":39,"column":0},"end":{"line":39,"column":21}},"25":{"start":{"line":42,"column":0},"end":{"line":49,"column":1}},"26":{"start":{"line":43,"column":2},"end":{"line":43,"column":14}},"27":{"start":{"line":44,"column":15},"end":{"line":44,"column":39}},"28":{"start":{"line":45,"column":2},"end":{"line":48,"column":5}},"29":{"start":{"line":46,"column":4},"end":{"line":46,"column":50}},"30":{"start":{"line":47,"column":4},"end":{"line":47,"column":52}}},"fnMap":{"0":{"name":"(anonymous_0)","decl":{"start":{"line":45,"column":19},"end":{"line":45,"column":20}},"loc":{"start":{"line":45,"column":25},"end":{"line":48,"column":3}},"line":45}},"branchMap":{"0":{"loc":{"start":{"line":42,"column":0},"end":{"line":49,"column":1}},"type":"if","locations":[{"start":{"line":42,"column":0},"end":{"line":49,"column":1}},{"start":{},"end":{}}],"line":42},"1":{"loc":{"start":{"line":44,"column":15},"end":{"line":44,"column":39}},"type":"binary-expr","locations":[{"start":{"line":44,"column":15},"end":{"line":44,"column":31}},{"start":{"line":44,"column":35},"end":{"line":44,"column":39}}],"line":44}},"s":{"0":2,"1":2,"2":2,"3":2,"4":2,"5":2,"6":2,"7":2,"8":2,"9":2,"10":2,"11":2,"12":2,"13":2,"14":2,"15":2,"16":2,"17":2,"18":2,"19":2,"20":2,"21":2,"22":2,"23":2,"24":2,"25":2,"26":0,"27":0,"28":0,"29":0,"30":0},"f":{"0":0},"b":{"0":[0,2],"1":[0,0]},"_coverageSchema":"1a1c01bbd47fc00a2c39e90264f33305004495a9","hash":"87d4f721a371681f9472fa43aa675bfcf74ddb60"}
,"C:\\Users\\KIIT\\Desktop\\devconnect-api\\swagger.js": {"path":"C:\\Users\\KIIT\\Desktop\\devconnect-api\\swagger.js","statementMap":{"0":{"start":{"line":1,"column":21},"end":{"line":1,"column":45}},"1":{"start":{"line":2,"column":18},"end":{"line":2,"column":47}},"2":{"start":{"line":4,"column":16},"end":{"line":33,"column":1}},"3":{"start":{"line":35,"column":14},"end":{"line":35,"column":35}},"4":{"start":{"line":37,"column":21},"end":{"line":39,"column":1}},"5":{"start":{"line":38,"column":2},"end":{"line":38,"column":64}},"6":{"start":{"line":41,"column":0},"end":{"line":41,"column":30}}},"fnMap":{"0":{"name":"(anonymous_0)","decl":{"start":{"line":37,"column":21},"end":{"line":37,"column":22}},"loc":{"start":{"line":37,"column":30},"end":{"line":39,"column":1}},"line":37}},"branchMap":{},"s":{"0":2,"1":2,"2":2,"3":2,"4":2,"5":2,"6":2},"f":{"0":2},"b":{},"_coverageSchema":"1a1c01bbd47fc00a2c39e90264f33305004495a9","hash":"7bc5bec114f311ed2a15ec9047336b30e3f8ba57"}
,"C:\\Users\\KIIT\\Desktop\\devconnect-api\\config\\db.js": {"path":"C:\\Users\\KIIT\\Desktop\\devconnect-api\\config\\db.js","statementMap":{"0":{"start":{"line":1,"column":17},"end":{"line":1,"column":36}},"1":{"start":{"line":3,"column":18},"end":{"line":14,"column":1}},"2":{"start":{"line":4,"column":2},"end":{"line":13,"column":3}},"3":{"start":{"line":5,"column":17},"end":{"line":8,"column":6}},"4":{"start":{"line":9,"column":4},"end":{"line":9,"column":62}},"5":{"start":{"line":11,"column":4},"end":{"line":11,"column":60}},"6":{"start":{"line":12,"column":4},"end":{"line":12,"column":20}},"7":{"start":{"line":16,"column":0},"end":{"line":16,"column":27}}},"fnMap":{"0":{"name":"(anonymous_0)","decl":{"start":{"line":3,"column":18},"end":{"line":3,"column":19}},"loc":{"start":{"line":3,"column":30},"end":{"line":14,"column":1}},"line":3}},"branchMap":{},"s":{"0":2,"1":2,"2":0,"3":0,"4":0,"5":0,"6":0,"7":2},"f":{"0":0},"b":{},"_coverageSchema":"1a1c01bbd47fc00a2c39e90264f33305004495a9","hash":"96fc64f5e2de245808a2d8b9d6e4214b96ab3484"}
,"C:\\Users\\KIIT\\Desktop\\devconnect-api\\controllers\\authController.js": {"path":"C:\\Users\\KIIT\\Desktop\\devconnect-api\\controllers\\authController.js","statementMap":{"0":{"start":{"line":1,"column":13},"end":{"line":1,"column":38}},"1":{"start":{"line":2,"column":14},"end":{"line":2,"column":40}},"2":{"start":{"line":3,"column":15},"end":{"line":3,"column":34}},"3":{"start":{"line":4,"column":12},"end":{"line":4,"column":35}},"4":{"start":{"line":7,"column":17},"end":{"line":21,"column":1}},"5":{"start":{"line":8,"column":2},"end":{"line":20,"column":3}},"6":{"start":{"line":9,"column":42},"end":{"line":9,"column":50}},"7":{"start":{"line":11,"column":25},"end":{"line":11,"column":54}},"8":{"start":{"line":12,"column":4},"end":{"line":12,"column":86}},"9":{"start":{"line":12,"column":22},"end":{"line":12,"column":86}},"10":{"start":{"line":14,"column":27},"end":{"line":14,"column":58}},"11":{"start":{"line":15,"column":20},"end":{"line":15,"column":84}},"12":{"start":{"line":17,"column":4},"end":{"line":17,"column":78}},"13":{"start":{"line":19,"column":4},"end":{"line":19,"column":54}},"14":{"start":{"line":60,"column":14},"end":{"line":76,"column":1}},"15":{"start":{"line":61,"column":2},"end":{"line":75,"column":3}},"16":{"start":{"line":62,"column":32},"end":{"line":62,"column":40}},"17":{"start":{"line":63,"column":4},"end":{"line":63,"column":105}},"18":{"start":{"line":63,"column":29},"end":{"line":63,"column":105}},"19":{"start":{"line":65,"column":17},"end":{"line":65,"column":46}},"20":{"start":{"line":66,"column":4},"end":{"line":66,"column":74}},"21":{"start":{"line":66,"column":15},"end":{"line":66,"column":74}},"22":{"start":{"line":68,"column":20},"end":{"line":68,"column":65}},"23":{"start":{"line":69,"column":4},"end":{"line":69,"column":82}},"24":{"start":{"line":69,"column":18},"end":{"line":69,"column":82}},"25":{"start":{"line":71,"column":18},"end":{"line":71,"column":89}},"26":{"start":{"line":72,"column":4},"end":{"line":72,"column":104}},"27":{"start":{"line":74,"column":4},"end":{"line":74,"column":54}},"28":{"start":{"line":79,"column":21},"end":{"line":94,"column":1}},"29":{"start":{"line":80,"column":23},"end":{"line":80,"column":37}},"30":{"start":{"line":81,"column":2},"end":{"line":81,"column":88}},"31":{"start":{"line":81,"column":21},"end":{"line":81,"column":88}},"32":{"start":{"line":83,"column":2},"end":{"line":93,"column":3}},"33":{"start":{"line":84,"column":24},"end":{"line":84,"column":68}},"34":{"start":{"line":85,"column":4},"end":{"line":85,"column":88}},"35":{"start":{"line":85,"column":22},"end":{"line":85,"column":88}},"36":{"start":{"line":87,"column":20},"end":{"line":87,"column":78}},"37":{"start":{"line":88,"column":27},"end":{"line":88,"column":101}},"38":{"start":{"line":90,"column":4},"end":{"line":90,"column":46}},"39":{"start":{"line":92,"column":4},"end":{"line":92,"column":66}},"40":{"start":{"line":96,"column":15},"end":{"line":106,"column":1}},"41":{"start":{"line":97,"column":23},"end":{"line":97,"column":37}},"42":{"start":{"line":98,"column":2},"end":{"line":98,"column":80}},"43":{"start":{"line":98,"column":21},"end":{"line":98,"column":80}},"44":{"start":{"line":100,"column":2},"end":{"line":105,"column":3}},"45":{"start":{"line":101,"column":4},"end":{"line":101,"column":58}},"46":{"start":{"line":102,"column":4},"end":{"line":102,"column":65}},"47":{"start":{"line":104,"column":4},"end":{"line":104,"column":55}},"48":{"start":{"line":108,"column":23},"end":{"line":120,"column":1}},"49":{"start":{"line":109,"column":2},"end":{"line":119,"column":3}},"50":{"start":{"line":110,"column":20},"end":{"line":110,"column":31}},"51":{"start":{"line":111,"column":21},"end":{"line":111,"column":58}},"52":{"start":{"line":113,"column":4},"end":{"line":113,"column":77}},"53":{"start":{"line":113,"column":19},"end":{"line":113,"column":77}},"54":{"start":{"line":115,"column":17},"end":{"line":115,"column":73}},"55":{"start":{"line":116,"column":4},"end":{"line":116,"column":31}},"56":{"start":{"line":118,"column":4},"end":{"line":118,"column":70}},"57":{"start":{"line":122,"column":0},"end":{"line":122,"column":75}}},"fnMap":{"0":{"name":"(anonymous_0)","decl":{"start":{"line":7,"column":17},"end":{"line":7,"column":18}},"loc":{"start":{"line":7,"column":37},"end":{"line":21,"column":1}},"line":7},"1":{"name":"(anonymous_1)","decl":{"start":{"line":60,"column":14},"end":{"line":60,"column":15}},"loc":{"start":{"line":60,"column":34},"end":{"line":76,"column":1}},"line":60},"2":{"name":"(anonymous_2)","decl":{"start":{"line":79,"column":21},"end":{"line":79,"column":22}},"loc":{"start":{"line":79,"column":41},"end":{"line":94,"column":1}},"line":79},"3":{"name":"(anonymous_3)","decl":{"start":{"line":96,"column":15},"end":{"line":96,"column":16}},"loc":{"start":{"line":96,"column":35},"end":{"line":106,"column":1}},"line":96},"4":{"name":"(anonymous_4)","decl":{"start":{"line":108,"column":23},"end":{"line":108,"column":24}},"loc":{"start":{"line":108,"column":43},"end":{"line":120,"column":1}},"line":108}},"branchMap":{"0":{"loc":{"start":{"line":12,"column":4},"end":{"line":12,"column":86}},"type":"if","locations":[{"start":{"line":12,"column":4},"end":{"line":12,"column":86}},{"start":{},"end":{}}],"line":12},"1":{"loc":{"start":{"line":63,"column":4},"end":{"line":63,"column":105}},"type":"if","locations":[{"start":{"line":63,"column":4},"end":{"line":63,"column":105}},{"start":{},"end":{}}],"line":63},"2":{"loc":{"start":{"line":63,"column":8},"end":{"line":63,"column":27}},"type":"binary-expr","locations":[{"start":{"line":63,"column":8},"end":{"line":63,"column":14}},{"start":{"line":63,"column":18},"end":{"line":63,"column":27}}],"line":63},"3":{"loc":{"start":{"line":66,"column":4},"end":{"line":66,"column":74}},"type":"if","locations":[{"start":{"line":66,"column":4},"end":{"line":66,"column":74}},{"start":{},"end":{}}],"line":66},"4":{"loc":{"start":{"line":69,"column":4},"end":{"line":69,"column":82}},"type":"if","locations":[{"start":{"line":69,"column":4},"end":{"line":69,"column":82}},{"start":{},"end":{}}],"line":69},"5":{"loc":{"start":{"line":81,"column":2},"end":{"line":81,"column":88}},"type":"if","locations":[{"start":{"line":81,"column":2},"end":{"line":81,"column":88}},{"start":{},"end":{}}],"line":81},"6":{"loc":{"start":{"line":85,"column":4},"end":{"line":85,"column":88}},"type":"if","locations":[{"start":{"line":85,"column":4},"end":{"line":85,"column":88}},{"start":{},"end":{}}],"line":85},"7":{"loc":{"start":{"line":98,"column":2},"end":{"line":98,"column":80}},"type":"if","locations":[{"start":{"line":98,"column":2},"end":{"line":98,"column":80}},{"start":{},"end":{}}],"line":98},"8":{"loc":{"start":{"line":113,"column":4},"end":{"line":113,"column":77}},"type":"if","locations":[{"start":{"line":113,"column":4},"end":{"line":113,"column":77}},{"start":{},"end":{}}],"line":113}},"s":{"0":3,"1":3,"2":3,"3":3,"4":3,"5":3,"6":3,"7":3,"8":3,"9":1,"10":2,"11":2,"12":2,"13":0,"14":3,"15":5,"16":5,"17":5,"18":1,"19":4,"20":4,"21":1,"22":3,"23":3,"24":1,"25":2,"26":2,"27":0,"28":3,"29":0,"30":0,"31":0,"32":0,"33":0,"34":0,"35":0,"36":0,"37":0,"38":0,"39":0,"40":3,"41":0,"42":0,"43":0,"44":0,"45":0,"46":0,"47":0,"48":3,"49":1,"50":1,"51":1,"52":1,"53":1,"54":0,"55":0,"56":0,"57":3},"f":{"0":3,"1":5,"2":0,"3":0,"4":1},"b":{"0":[1,2],"1":[1,4],"2":[5,4],"3":[1,3],"4":[1,2],"5":[0,0],"6":[0,0],"7":[0,0],"8":[1,0]},"_coverageSchema":"1a1c01bbd47fc00a2c39e90264f33305004495a9","hash":"aed6be4f585bf59ff03b9d84af61287681d8ecde"}
,"C:\\Users\\KIIT\\Desktop\\devconnect-api\\controllers\\commentController.js": {"path":"C:\\Users\\KIIT\\Desktop\\devconnect-api\\controllers\\commentController.js","statementMap":{"0":{"start":{"line":1,"column":16},"end":{"line":1,"column":44}},"1":{"start":{"line":8,"column":0},"end":{"line":22,"column":2}},"2":{"start":{"line":9,"column":2},"end":{"line":21,"column":3}},"3":{"start":{"line":10,"column":23},"end":{"line":14,"column":6}},"4":{"start":{"line":16,"column":4},"end":{"line":16,"column":28}},"5":{"start":{"line":17,"column":4},"end":{"line":17,"column":37}},"6":{"start":{"line":19,"column":4},"end":{"line":19,"column":59}},"7":{"start":{"line":20,"column":4},"end":{"line":20,"column":63}},"8":{"start":{"line":29,"column":0},"end":{"line":58,"column":2}},"9":{"start":{"line":30,"column":2},"end":{"line":30,"column":48}},"10":{"start":{"line":31,"column":2},"end":{"line":31,"column":44}},"11":{"start":{"line":32,"column":2},"end":{"line":32,"column":38}},"12":{"start":{"line":34,"column":2},"end":{"line":57,"column":3}},"13":{"start":{"line":35,"column":20},"end":{"line":35,"column":57}},"14":{"start":{"line":36,"column":4},"end":{"line":39,"column":5}},"15":{"start":{"line":37,"column":6},"end":{"line":37,"column":42}},"16":{"start":{"line":38,"column":6},"end":{"line":38,"column":68}},"17":{"start":{"line":41,"column":4},"end":{"line":41,"column":66}},"18":{"start":{"line":42,"column":4},"end":{"line":42,"column":52}},"19":{"start":{"line":43,"column":4},"end":{"line":43,"column":45}},"20":{"start":{"line":46,"column":4},"end":{"line":49,"column":5}},"21":{"start":{"line":47,"column":6},"end":{"line":47,"column":51}},"22":{"start":{"line":48,"column":6},"end":{"line":48,"column":63}},"23":{"start":{"line":51,"column":4},"end":{"line":51,"column":30}},"24":{"start":{"line":52,"column":4},"end":{"line":52,"column":50}},"25":{"start":{"line":53,"column":4},"end":{"line":53,"column":57}},"26":{"start":{"line":55,"column":4},"end":{"line":55,"column":73}},"27":{"start":{"line":56,"column":4},"end":{"line":56,"column":66}}},"fnMap":{"0":{"name":"(anonymous_0)","decl":{"start":{"line":8,"column":21},"end":{"line":8,"column":22}},"loc":{"start":{"line":8,"column":41},"end":{"line":22,"column":1}},"line":8},"1":{"name":"(anonymous_1)","decl":{"start":{"line":29,"column":24},"end":{"line":29,"column":25}},"loc":{"start":{"line":29,"column":44},"end":{"line":58,"column":1}},"line":29}},"branchMap":{"0":{"loc":{"start":{"line":36,"column":4},"end":{"line":39,"column":5}},"type":"if","locations":[{"start":{"line":36,"column":4},"end":{"line":39,"column":5}},{"start":{},"end":{}}],"line":36},"1":{"loc":{"start":{"line":46,"column":4},"end":{"line":49,"column":5}},"type":"if","locations":[{"start":{"line":46,"column":4},"end":{"line":49,"column":5}},{"start":{},"end":{}}],"line":46},"2":{"loc":{"start":{"line":46,"column":8},"end":{"line":46,"column":80}},"type":"binary-expr","locations":[{"start":{"line":46,"column":8},"end":{"line":46,"column":51}},{"start":{"line":46,"column":55},"end":{"line":46,"column":80}}],"line":46}},"s":{"0":2,"1":2,"2":0,"3":0,"4":0,"5":0,"6":0,"7":0,"8":2,"9":0,"10":0,"11":0,"12":0,"13":0,"14":0,"15":0,"16":0,"17":0,"18":0,"19":0,"20":0,"21":0,"22":0,"23":0,"24":0,"25":0,"26":0,"27":0},"f":{"0":0,"1":0},"b":{"0":[0,0],"1":[0,0],"2":[0,0]},"_coverageSchema":"1a1c01bbd47fc00a2c39e90264f33305004495a9","hash":"f6c24dee86634c6a5173d4b45123e4f57b79aaa5"}
,"C:\\Users\\KIIT\\Desktop\\devconnect-api\\controllers\\resourceController.js": {"path":"C:\\Users\\KIIT\\Desktop\\devconnect-api\\controllers\\resourceController.js","statementMap":{"0":{"start":{"line":1,"column":17},"end":{"line":1,"column":46}},"1":{"start":{"line":3,"column":0},"end":{"line":18,"column":2}},"2":{"start":{"line":4,"column":2},"end":{"line":17,"column":3}},"3":{"start":{"line":5,"column":4},"end":{"line":5,"column":44}},"4":{"start":{"line":7,"column":24},"end":{"line":10,"column":6}},"5":{"start":{"line":12,"column":4},"end":{"line":12,"column":29}},"6":{"start":{"line":13,"column":4},"end":{"line":13,"column":38}},"7":{"start":{"line":15,"column":4},"end":{"line":15,"column":60}},"8":{"start":{"line":16,"column":4},"end":{"line":16,"column":67}},"9":{"start":{"line":21,"column":0},"end":{"line":56,"column":2}},"10":{"start":{"line":22,"column":2},"end":{"line":55,"column":3}},"11":{"start":{"line":23,"column":60},"end":{"line":23,"column":69}},"12":{"start":{"line":25,"column":18},"end":{"line":35,"column":5}},"13":{"start":{"line":37,"column":22},"end":{"line":40,"column":29}},"14":{"start":{"line":42,"column":18},"end":{"line":42,"column":54}},"15":{"start":{"line":44,"column":4},"end":{"line":52,"column":7}},"16":{"start":{"line":54,"column":4},"end":{"line":54,"column":67}},"17":{"start":{"line":59,"column":0},"end":{"line":72,"column":2}},"18":{"start":{"line":60,"column":2},"end":{"line":71,"column":3}},"19":{"start":{"line":61,"column":21},"end":{"line":61,"column":59}},"20":{"start":{"line":62,"column":4},"end":{"line":62,"column":73}},"21":{"start":{"line":62,"column":19},"end":{"line":62,"column":73}},"22":{"start":{"line":63,"column":4},"end":{"line":64,"column":63}},"23":{"start":{"line":64,"column":6},"end":{"line":64,"column":63}},"24":{"start":{"line":66,"column":4},"end":{"line":66,"column":38}},"25":{"start":{"line":67,"column":4},"end":{"line":67,"column":26}},"26":{"start":{"line":68,"column":4},"end":{"line":68,"column":35}},"27":{"start":{"line":70,"column":4},"end":{"line":70,"column":55}},"28":{"start":{"line":88,"column":0},"end":{"line":102,"column":2}},"29":{"start":{"line":89,"column":2},"end":{"line":101,"column":3}},"30":{"start":{"line":90,"column":21},"end":{"line":90,"column":59}},"31":{"start":{"line":91,"column":4},"end":{"line":91,"column":73}},"32":{"start":{"line":91,"column":19},"end":{"line":91,"column":73}},"33":{"start":{"line":93,"column":4},"end":{"line":94,"column":63}},"34":{"start":{"line":94,"column":6},"end":{"line":94,"column":63}},"35":{"start":{"line":96,"column":4},"end":{"line":96,"column":52}},"36":{"start":{"line":97,"column":4},"end":{"line":97,"column":62}},"37":{"start":{"line":99,"column":4},"end":{"line":99,"column":60}},"38":{"start":{"line":100,"column":4},"end":{"line":100,"column":55}}},"fnMap":{"0":{"name":"(anonymous_0)","decl":{"start":{"line":3,"column":25},"end":{"line":3,"column":26}},"loc":{"start":{"line":3,"column":45},"end":{"line":18,"column":1}},"line":3},"1":{"name":"(anonymous_1)","decl":{"start":{"line":21,"column":26},"end":{"line":21,"column":27}},"loc":{"start":{"line":21,"column":46},"end":{"line":56,"column":1}},"line":21},"2":{"name":"(anonymous_2)","decl":{"start":{"line":59,"column":25},"end":{"line":59,"column":26}},"loc":{"start":{"line":59,"column":45},"end":{"line":72,"column":1}},"line":59},"3":{"name":"(anonymous_3)","decl":{"start":{"line":88,"column":25},"end":{"line":88,"column":26}},"loc":{"start":{"line":88,"column":45},"end":{"line":102,"column":1}},"line":88}},"branchMap":{"0":{"loc":{"start":{"line":23,"column":12},"end":{"line":23,"column":20}},"type":"default-arg","locations":[{"start":{"line":23,"column":19},"end":{"line":23,"column":20}}],"line":23},"1":{"loc":{"start":{"line":23,"column":22},"end":{"line":23,"column":32}},"type":"default-arg","locations":[{"start":{"line":23,"column":30},"end":{"line":23,"column":32}}],"line":23},"2":{"loc":{"start":{"line":23,"column":34},"end":{"line":23,"column":45}},"type":"default-arg","locations":[{"start":{"line":23,"column":43},"end":{"line":23,"column":45}}],"line":23},"3":{"loc":{"start":{"line":27,"column":8},"end":{"line":27,"column":36}},"type":"cond-expr","locations":[{"start":{"line":27,"column":19},"end":{"line":27,"column":31}},{"start":{"line":27,"column":34},"end":{"line":27,"column":36}}],"line":27},"4":{"loc":{"start":{"line":62,"column":4},"end":{"line":62,"column":73}},"type":"if","locations":[{"start":{"line":62,"column":4},"end":{"line":62,"column":73}},{"start":{},"end":{}}],"line":62},"5":{"loc":{"start":{"line":63,"column":4},"end":{"line":64,"column":63}},"type":"if","locations":[{"start":{"line":63,"column":4},"end":{"line":64,"column":63}},{"start":{},"end":{}}],"line":63},"6":{"loc":{"start":{"line":91,"column":4},"end":{"line":91,"column":73}},"type":"if","locations":[{"start":{"line":91,"column":4},"end":{"line":91,"column":73}},{"start":{},"end":{}}],"line":91},"7":{"loc":{"start":{"line":93,"column":4},"end":{"line":94,"column":63}},"type":"if","locations":[{"start":{"line":93,"column":4},"end":{"line":94,"column":63}},{"start":{},"end":{}}],"line":93}},"s":{"0":3,"1":3,"2":3,"3":3,"4":3,"5":3,"6":3,"7":0,"8":0,"9":3,"10":3,"11":3,"12":3,"13":3,"14":3,"15":3,"16":0,"17":3,"18":2,"19":2,"20":2,"21":0,"22":2,"23":0,"24":2,"25":2,"26":2,"27":0,"28":3,"29":1,"30":1,"31":1,"32":0,"33":1,"34":0,"35":1,"36":1,"37":0,"38":0},"f":{"0":3,"1":3,"2":2,"3":1},"b":{"0":[2],"1":[2],"2":[3],"3":[0,3],"4":[0,2],"5":[0,2],"6":[0,1],"7":[0,1]},"_coverageSchema":"1a1c01bbd47fc00a2c39e90264f33305004495a9","hash":"a408caa4850bcd18911d7760ab7e679524963cfd"}
,"C:\\Users\\KIIT\\Desktop\\devconnect-api\\middleware\\auth.js": {"path":"C:\\Users\\KIIT\\Desktop\\devconnect-api\\middleware\\auth.js","statementMap":{"0":{"start":{"line":1,"column":12},"end":{"line":1,"column":35}},"1":{"start":{"line":3,"column":13},"end":{"line":18,"column":1}},"2":{"start":{"line":4,"column":21},"end":{"line":4,"column":48}},"3":{"start":{"line":5,"column":16},"end":{"line":5,"column":54}},"4":{"start":{"line":7,"column":2},"end":{"line":9,"column":3}},"5":{"start":{"line":8,"column":4},"end":{"line":8,"column":82}},"6":{"start":{"line":11,"column":2},"end":{"line":17,"column":3}},"7":{"start":{"line":12,"column":21},"end":{"line":12,"column":62}},"8":{"start":{"line":13,"column":4},"end":{"line":13,"column":24}},"9":{"start":{"line":14,"column":4},"end":{"line":14,"column":11}},"10":{"start":{"line":16,"column":4},"end":{"line":16,"column":55}},"11":{"start":{"line":20,"column":0},"end":{"line":20,"column":22}}},"fnMap":{"0":{"name":"(anonymous_0)","decl":{"start":{"line":3,"column":13},"end":{"line":3,"column":14}},"loc":{"start":{"line":3,"column":33},"end":{"line":18,"column":1}},"line":3}},"branchMap":{"0":{"loc":{"start":{"line":5,"column":16},"end":{"line":5,"column":54}},"type":"binary-expr","locations":[{"start":{"line":5,"column":16},"end":{"line":5,"column":26}},{"start":{"line":5,"column":30},"end":{"line":5,"column":54}}],"line":5},"1":{"loc":{"start":{"line":7,"column":2},"end":{"line":9,"column":3}},"type":"if","locations":[{"start":{"line":7,"column":2},"end":{"line":9,"column":3}},{"start":{},"end":{}}],"line":7}},"s":{"0":2,"1":2,"2":4,"3":4,"4":4,"5":0,"6":4,"7":4,"8":4,"9":4,"10":0,"11":2},"f":{"0":4},"b":{"0":[4,4],"1":[0,4]},"_coverageSchema":"1a1c01bbd47fc00a2c39e90264f33305004495a9","hash":"a6df21e10126811cb67798314c1e38bb3f778660"}
,"C:\\Users\\KIIT\\Desktop\\devconnect-api\\middleware\\rateLimiter.js": {"path":"C:\\Users\\KIIT\\Desktop\\devconnect-api\\middleware\\rateLimiter.js","statementMap":{"0":{"start":{"line":1,"column":18},"end":{"line":1,"column":47}},"1":{"start":{"line":3,"column":19},"end":{"line":9,"column":2}},"2":{"start":{"line":11,"column":0},"end":{"line":11,"column":28}}},"fnMap":{},"branchMap":{},"s":{"0":2,"1":2,"2":2},"f":{},"b":{},"_coverageSchema":"1a1c01bbd47fc00a2c39e90264f33305004495a9","hash":"0aff177fab2ba60fc57fbafc548d152336900587"}
,"C:\\Users\\KIIT\\Desktop\\devconnect-api\\models\\Comment.js": {"path":"C:\\Users\\KIIT\\Desktop\\devconnect-api\\models\\Comment.js","statementMap":{"0":{"start":{"line":1,"column":17},"end":{"line":1,"column":36}},"1":{"start":{"line":3,"column":22},"end":{"line":18,"column":24}},"2":{"start":{"line":20,"column":0},"end":{"line":20,"column":58}}},"fnMap":{},"branchMap":{},"s":{"0":2,"1":2,"2":2},"f":{},"b":{},"_coverageSchema":"1a1c01bbd47fc00a2c39e90264f33305004495a9","hash":"410e7c35efc191ed2e8726d008ceb57b9a8fc3ed"}
,"C:\\Users\\KIIT\\Desktop\\devconnect-api\\models\\Resource.js": {"path":"C:\\Users\\KIIT\\Desktop\\devconnect-api\\models\\Resource.js","statementMap":{"0":{"start":{"line":1,"column":17},"end":{"line":1,"column":36}},"1":{"start":{"line":3,"column":23},"end":{"line":22,"column":24}},"2":{"start":{"line":24,"column":0},"end":{"line":24,"column":60}}},"fnMap":{},"branchMap":{},"s":{"0":3,"1":3,"2":3},"f":{},"b":{},"_coverageSchema":"1a1c01bbd47fc00a2c39e90264f33305004495a9","hash":"05ea5e7ed8ff6773af2d7a63c3eaea8d9b3142ca"}
,"C:\\Users\\KIIT\\Desktop\\devconnect-api\\models\\Token.js": {"path":"C:\\Users\\KIIT\\Desktop\\devconnect-api\\models\\Token.js","statementMap":{"0":{"start":{"line":2,"column":17},"end":{"line":2,"column":36}},"1":{"start":{"line":4,"column":20},"end":{"line":18,"column":2}},"2":{"start":{"line":20,"column":0},"end":{"line":20,"column":54}}},"fnMap":{},"branchMap":{},"s":{"0":4,"1":4,"2":4},"f":{},"b":{},"_coverageSchema":"1a1c01bbd47fc00a2c39e90264f33305004495a9","hash":"ebf8dee23f95cb56698a4a99cb6f632d7acddb6e"}
,"C:\\Users\\KIIT\\Desktop\\devconnect-api\\models\\User.js": {"path":"C:\\Users\\KIIT\\Desktop\\devconnect-api\\models\\User.js","statementMap":{"0":{"start":{"line":1,"column":17},"end":{"line":1,"column":36}},"1":{"start":{"line":3,"column":19},"end":{"line":27,"column":24}},"2":{"start":{"line":29,"column":0},"end":{"line":29,"column":52}}},"fnMap":{},"branchMap":{},"s":{"0":3,"1":3,"2":3},"f":{},"b":{},"_coverageSchema":"1a1c01bbd47fc00a2c39e90264f33305004495a9","hash":"3961d7d76e8dd3e04a4b4ff78bb3d5c9cc6b7dd4"}
,"C:\\Users\\KIIT\\Desktop\\devconnect-api\\routes\\authRoutes.js": {"path":"C:\\Users\\KIIT\\Desktop\\devconnect-api\\routes\\authRoutes.js","statementMap":{"0":{"start":{"line":59,"column":16},"end":{"line":59,"column":34}},"1":{"start":{"line":60,"column":15},"end":{"line":60,"column":31}},"2":{"start":{"line":61,"column":28},"end":{"line":61,"column":68}},"3":{"start":{"line":62,"column":25},"end":{"line":62,"column":65}},"4":{"start":{"line":63,"column":0},"end":{"line":63,"column":35}},"5":{"start":{"line":64,"column":0},"end":{"line":64,"column":29}},"6":{"start":{"line":100,"column":0},"end":{"line":100,"column":44}},"7":{"start":{"line":101,"column":19},"end":{"line":101,"column":59}},"8":{"start":{"line":127,"column":0},"end":{"line":127,"column":31}},"9":{"start":{"line":129,"column":0},"end":{"line":129,"column":24}}},"fnMap":{},"branchMap":{},"s":{"0":2,"1":2,"2":2,"3":2,"4":2,"5":2,"6":2,"7":2,"8":2,"9":2},"f":{},"b":{},"_coverageSchema":"1a1c01bbd47fc00a2c39e90264f33305004495a9","hash":"7abbc4ade75c4fc3021e24968695d6520e60e3e9"}
,"C:\\Users\\KIIT\\Desktop\\devconnect-api\\routes\\commentRoutes.js": {"path":"C:\\Users\\KIIT\\Desktop\\devconnect-api\\routes\\commentRoutes.js","statementMap":{"0":{"start":{"line":49,"column":16},"end":{"line":49,"column":34}},"1":{"start":{"line":50,"column":15},"end":{"line":50,"column":31}},"2":{"start":{"line":51,"column":38},"end":{"line":51,"column":81}},"3":{"start":{"line":52,"column":13},"end":{"line":52,"column":42}},"4":{"start":{"line":54,"column":0},"end":{"line":54,"column":46}},"5":{"start":{"line":55,"column":0},"end":{"line":55,"column":43}},"6":{"start":{"line":59,"column":0},"end":{"line":59,"column":24}}},"fnMap":{},"branchMap":{},"s":{"0":2,"1":2,"2":2,"3":2,"4":2,"5":2,"6":2},"f":{},"b":{},"_coverageSchema":"1a1c01bbd47fc00a2c39e90264f33305004495a9","hash":"fbd38e1129561549f42f04e0dbf96fa8a5593127"}
,"C:\\Users\\KIIT\\Desktop\\devconnect-api\\routes\\resourceRoutes.js": {"path":"C:\\Users\\KIIT\\Desktop\\devconnect-api\\routes\\resourceRoutes.js","statementMap":{"0":{"start":{"line":115,"column":16},"end":{"line":115,"column":34}},"1":{"start":{"line":116,"column":15},"end":{"line":116,"column":31}},"2":{"start":{"line":122,"column":4},"end":{"line":122,"column":48}},"3":{"start":{"line":123,"column":13},"end":{"line":123,"column":42}},"4":{"start":{"line":125,"column":0},"end":{"line":125,"column":33}},"5":{"start":{"line":126,"column":0},"end":{"line":126,"column":39}},"6":{"start":{"line":127,"column":0},"end":{"line":127,"column":41}},"7":{"start":{"line":128,"column":0},"end":{"line":128,"column":44}},"8":{"start":{"line":130,"column":0},"end":{"line":130,"column":24}}},"fnMap":{},"branchMap":{},"s":{"0":2,"1":2,"2":2,"3":2,"4":2,"5":2,"6":2,"7":2,"8":2},"f":{},"b":{},"_coverageSchema":"1a1c01bbd47fc00a2c39e90264f33305004495a9","hash":"b41a75c986f730a56011f1efe422588a76518296"}
,"C:\\Users\\KIIT\\Desktop\\devconnect-api\\utils\\cleanup.js": {"path":"C:\\Users\\KIIT\\Desktop\\devconnect-api\\utils\\cleanup.js","statementMap":{"0":{"start":{"line":1,"column":14},"end":{"line":1,"column":40}},"1":{"start":{"line":3,"column":27},"end":{"line":12,"column":1}},"2":{"start":{"line":4,"column":2},"end":{"line":11,"column":3}},"3":{"start":{"line":5,"column":19},"end":{"line":5,"column":77}},"4":{"start":{"line":6,"column":4},"end":{"line":8,"column":5}},"5":{"start":{"line":7,"column":6},"end":{"line":7,"column":68}},"6":{"start":{"line":10,"column":4},"end":{"line":10,"column":56}},"7":{"start":{"line":14,"column":0},"end":{"line":14,"column":36}}},"fnMap":{"0":{"name":"(anonymous_0)","decl":{"start":{"line":3,"column":27},"end":{"line":3,"column":28}},"loc":{"start":{"line":3,"column":39},"end":{"line":12,"column":1}},"line":3}},"branchMap":{"0":{"loc":{"start":{"line":6,"column":4},"end":{"line":8,"column":5}},"type":"if","locations":[{"start":{"line":6,"column":4},"end":{"line":8,"column":5}},{"start":{},"end":{}}],"line":6}},"s":{"0":3,"1":3,"2":2,"3":2,"4":1,"5":1,"6":1,"7":3},"f":{"0":2},"b":{"0":[1,0]},"_coverageSchema":"1a1c01bbd47fc00a2c39e90264f33305004495a9","hash":"bc6f28cdbed14c10f2f30865a9a32185989c7f18"}
}
