TN:
SF:server.js
FN:45,(anonymous_0)
FNF:1
FNH:0
FNDA:0,(anonymous_0)
DA:2,2
DA:3,2
DA:4,2
DA:5,2
DA:6,2
DA:7,2
DA:9,2
DA:10,2
DA:11,2
DA:12,2
DA:15,2
DA:16,2
DA:17,2
DA:20,2
DA:23,2
DA:26,2
DA:27,2
DA:28,2
DA:29,2
DA:30,2
DA:33,2
DA:34,2
DA:35,2
DA:36,2
DA:39,2
DA:42,2
DA:43,0
DA:44,0
DA:45,0
DA:46,0
DA:47,0
LF:31
LH:26
BRDA:42,0,0,0
BRDA:42,0,1,2
BRDA:44,1,0,0
BRDA:44,1,1,0
BRF:4
BRH:1
end_of_record
TN:
SF:swagger.js
FN:37,(anonymous_0)
FNF:1
FNH:1
FNDA:2,(anonymous_0)
DA:1,2
DA:2,2
DA:4,2
DA:35,2
DA:37,2
DA:38,2
DA:41,2
LF:7
LH:7
BRF:0
BRH:0
end_of_record
TN:
SF:config\db.js
FN:3,(anonymous_0)
FNF:1
FNH:0
FNDA:0,(anonymous_0)
DA:1,2
DA:3,2
DA:4,0
DA:5,0
DA:9,0
DA:11,0
DA:12,0
DA:16,2
LF:8
LH:3
BRF:0
BRH:0
end_of_record
TN:
SF:controllers\authController.js
FN:7,(anonymous_0)
FN:60,(anonymous_1)
FN:79,(anonymous_2)
FN:96,(anonymous_3)
FN:108,(anonymous_4)
FNF:5
FNH:3
FNDA:3,(anonymous_0)
FNDA:5,(anonymous_1)
FNDA:0,(anonymous_2)
FNDA:0,(anonymous_3)
FNDA:1,(anonymous_4)
DA:1,3
DA:2,3
DA:3,3
DA:4,3
DA:7,3
DA:8,3
DA:9,3
DA:11,3
DA:12,3
DA:14,2
DA:15,2
DA:17,2
DA:19,0
DA:60,3
DA:61,5
DA:62,5
DA:63,5
DA:65,4
DA:66,4
DA:68,3
DA:69,3
DA:71,2
DA:72,2
DA:74,0
DA:79,3
DA:80,0
DA:81,0
DA:83,0
DA:84,0
DA:85,0
DA:87,0
DA:88,0
DA:90,0
DA:92,0
DA:96,3
DA:97,0
DA:98,0
DA:100,0
DA:101,0
DA:102,0
DA:104,0
DA:108,3
DA:109,1
DA:110,1
DA:111,1
DA:113,1
DA:115,0
DA:116,0
DA:118,0
DA:122,3
LF:50
LH:30
BRDA:12,0,0,1
BRDA:12,0,1,2
BRDA:63,1,0,1
BRDA:63,1,1,4
BRDA:63,2,0,5
BRDA:63,2,1,4
BRDA:66,3,0,1
BRDA:66,3,1,3
BRDA:69,4,0,1
BRDA:69,4,1,2
BRDA:81,5,0,0
BRDA:81,5,1,0
BRDA:85,6,0,0
BRDA:85,6,1,0
BRDA:98,7,0,0
BRDA:98,7,1,0
BRDA:113,8,0,1
BRDA:113,8,1,0
BRF:18
BRH:11
end_of_record
TN:
SF:controllers\commentController.js
FN:8,(anonymous_0)
FN:29,(anonymous_1)
FNF:2
FNH:0
FNDA:0,(anonymous_0)
FNDA:0,(anonymous_1)
DA:1,2
DA:8,2
DA:9,0
DA:10,0
DA:16,0
DA:17,0
DA:19,0
DA:20,0
DA:29,2
DA:30,0
DA:31,0
DA:32,0
DA:34,0
DA:35,0
DA:36,0
DA:37,0
DA:38,0
DA:41,0
DA:42,0
DA:43,0
DA:46,0
DA:47,0
DA:48,0
DA:51,0
DA:52,0
DA:53,0
DA:55,0
DA:56,0
LF:28
LH:3
BRDA:36,0,0,0
BRDA:36,0,1,0
BRDA:46,1,0,0
BRDA:46,1,1,0
BRDA:46,2,0,0
BRDA:46,2,1,0
BRF:6
BRH:0
end_of_record
TN:
SF:controllers\resourceController.js
FN:3,(anonymous_0)
FN:21,(anonymous_1)
FN:59,(anonymous_2)
FN:88,(anonymous_3)
FNF:4
FNH:4
FNDA:3,(anonymous_0)
FNDA:3,(anonymous_1)
FNDA:2,(anonymous_2)
FNDA:1,(anonymous_3)
DA:1,3
DA:3,3
DA:4,3
DA:5,3
DA:7,3
DA:12,3
DA:13,3
DA:15,0
DA:16,0
DA:21,3
DA:22,3
DA:23,3
DA:25,3
DA:37,3
DA:42,3
DA:44,3
DA:54,0
DA:59,3
DA:60,2
DA:61,2
DA:62,2
DA:63,2
DA:64,0
DA:66,2
DA:67,2
DA:68,2
DA:70,0
DA:88,3
DA:89,1
DA:90,1
DA:91,1
DA:93,1
DA:94,0
DA:96,1
DA:97,1
DA:99,0
DA:100,0
LF:37
LH:29
BRDA:23,0,0,2
BRDA:23,1,0,2
BRDA:23,2,0,3
BRDA:27,3,0,0
BRDA:27,3,1,3
BRDA:62,4,0,0
BRDA:62,4,1,2
BRDA:63,5,0,0
BRDA:63,5,1,2
BRDA:91,6,0,0
BRDA:91,6,1,1
BRDA:93,7,0,0
BRDA:93,7,1,1
BRF:13
BRH:8
end_of_record
TN:
SF:middleware\auth.js
FN:3,(anonymous_0)
FNF:1
FNH:1
FNDA:4,(anonymous_0)
DA:1,2
DA:3,2
DA:4,4
DA:5,4
DA:7,4
DA:8,0
DA:11,4
DA:12,4
DA:13,4
DA:14,4
DA:16,0
DA:20,2
LF:12
LH:10
BRDA:5,0,0,4
BRDA:5,0,1,4
BRDA:7,1,0,0
BRDA:7,1,1,4
BRF:4
BRH:3
end_of_record
TN:
SF:middleware\rateLimiter.js
FNF:0
FNH:0
DA:1,2
DA:3,2
DA:11,2
LF:3
LH:3
BRF:0
BRH:0
end_of_record
TN:
SF:models\Comment.js
FNF:0
FNH:0
DA:1,2
DA:3,2
DA:20,2
LF:3
LH:3
BRF:0
BRH:0
end_of_record
TN:
SF:models\Resource.js
FNF:0
FNH:0
DA:1,3
DA:3,3
DA:24,3
LF:3
LH:3
BRF:0
BRH:0
end_of_record
TN:
SF:models\Token.js
FNF:0
FNH:0
DA:2,4
DA:4,4
DA:20,4
LF:3
LH:3
BRF:0
BRH:0
end_of_record
TN:
SF:models\User.js
FNF:0
FNH:0
DA:1,3
DA:3,3
DA:29,3
LF:3
LH:3
BRF:0
BRH:0
end_of_record
TN:
SF:routes\authRoutes.js
FNF:0
FNH:0
DA:59,2
DA:60,2
DA:61,2
DA:62,2
DA:63,2
DA:64,2
DA:100,2
DA:101,2
DA:127,2
DA:129,2
LF:10
LH:10
BRF:0
BRH:0
end_of_record
TN:
SF:routes\commentRoutes.js
FNF:0
FNH:0
DA:49,2
DA:50,2
DA:51,2
DA:52,2
DA:54,2
DA:55,2
DA:59,2
LF:7
LH:7
BRF:0
BRH:0
end_of_record
TN:
SF:routes\resourceRoutes.js
FNF:0
FNH:0
DA:115,2
DA:116,2
DA:122,2
DA:123,2
DA:125,2
DA:126,2
DA:127,2
DA:128,2
DA:130,2
LF:9
LH:9
BRF:0
BRH:0
end_of_record
TN:
SF:utils\cleanup.js
FN:3,(anonymous_0)
FNF:1
FNH:1
FNDA:2,(anonymous_0)
DA:1,3
DA:3,3
DA:4,2
DA:5,2
DA:6,1
DA:7,1
DA:10,1
DA:14,3
LF:8
LH:8
BRDA:6,0,0,1
BRDA:6,0,1,0
BRF:2
BRH:1
end_of_record
